ncsim(64): 15.20-s086: (c) Copyright 1995-2020 Cadence Design Systems, Inc.

-------------------------------------
Relinquished control to SimVision...
ncsim> 
ncsim> database -open waves -into waves.shm -default
Created default SHM database waves
ncsim> probe -create -shm cmos_full_subtractor_tb.A cmos_full_subtractor_tb.B cmos_full_subtractor_tb.Bin cmos_full_subtractor_tb.Bout cmos_full_subtractor_tb.Diff
Created probe 1
ncsim> run
A=0 B=0 Bin=0 -> Diff=x Bout=x
A=0 B=0 Bin=1 -> Diff=x Bout=x
A=0 B=1 Bin=0 -> Diff=x Bout=1
A=0 B=1 Bin=1 -> Diff=x Bout=1
A=1 B=0 Bin=0 -> Diff=x Bout=x
A=1 B=0 Bin=1 -> Diff=x Bout=x
A=1 B=1 Bin=0 -> Diff=x Bout=x
A=1 B=1 Bin=1 -> Diff=x Bout=x
Simulation complete via $finish(1) at time 80 NS + 0
./cmos_full_subtractor_tb.v:19         $finish;
ncsim> ^C
ncsim> exit
ncsim: Memory Usage - 38.6M program + 294.7M data = 333.4M total (337.0M Peak)
ncsim: CPU Usage - 0.1s system + 0.0s user = 0.2s total (24.3s, 0.6% cpu)
